Thu 21 Mar 2024 02:45:21 PM UTC: 
 exercises.c | 10 +++++++++-
 1 file changed, 9 insertions(+), 1 deletion(-)
In file included from test.c:5:
exercises.c: In function ‘crea_lista’:
exercises.c:52:14: error: ‘lista’ undeclared (first use in this function)
   52 |     pushBack(lista, valor);
      |              ^~~~~
exercises.c:52:14: note: each undeclared identifier is reported only once for each function it appears in
Compilation failed
149c893
Thu 21 Mar 2024 02:45:42 PM UTC: 
 exercises.c | 2 +-
 1 file changed, 1 insertion(+), 1 deletion(-)
 tests:  1|4
total_score: 10/70
2429d81
Thu 21 Mar 2024 02:46:57 PM UTC: 
 exercises.c | 9 ++++++++-
 1 file changed, 8 insertions(+), 1 deletion(-)
In file included from test.c:5:
exercises.c: In function ‘sumaLista’:
exercises.c:66:23: error: implicit declaration of function ‘length’ [-Werror=implicit-function-declaration]
   66 |   for (int i = 0; i < length(L); i++)
      |                       ^~~~~~
exercises.c:68:20: error: implicit declaration of function ‘get’; did you mean ‘getw’? [-Werror=implicit-function-declaration]
   68 |     suma += *(int*)get(L, i);
      |                    ^~~
      |                    getw
exercises.c:68:14: error: cast to pointer from integer of different size [-Werror=int-to-pointer-cast]
   68 |     suma += *(int*)get(L, i);
      |              ^
cc1: all warnings being treated as errors
Compilation failed
13ddd65
Thu 21 Mar 2024 02:47:10 PM UTC: 
 exercises.c | 2 +-
 1 file changed, 1 insertion(+), 1 deletion(-)
In file included from test.c:5:
exercises.c: In function ‘sumaLista’:
exercises.c:68:20: error: implicit declaration of function ‘get’; did you mean ‘getw’? [-Werror=implicit-function-declaration]
   68 |     suma += *(int*)get(L, i);
      |                    ^~~
      |                    getw
exercises.c:68:14: error: cast to pointer from integer of different size [-Werror=int-to-pointer-cast]
   68 |     suma += *(int*)get(L, i);
      |              ^
cc1: all warnings being treated as errors
Compilation failed
94d4994
Thu 21 Mar 2024 02:47:30 PM UTC: 
 exercises.c | 2 +-
 1 file changed, 1 insertion(+), 1 deletion(-)
In file included from test.c:5:
exercises.c: In function ‘sumaLista’:
exercises.c:68:13: error: ‘l’ undeclared (first use in this function)
   68 |     suma += l[i];
      |             ^
exercises.c:68:13: note: each undeclared identifier is reported only once for each function it appears in
Compilation failed
a85a053
Thu 21 Mar 2024 02:47:37 PM UTC: 
 exercises.c | 2 +-
 1 file changed, 1 insertion(+), 1 deletion(-)
In file included from test.c:5:
exercises.c: In function ‘sumaLista’:
exercises.c:68:14: error: invalid use of undefined type ‘struct List’
   68 |     suma += L[i];
      |              ^
exercises.c:68:13: error: invalid use of incomplete typedef ‘List’
   68 |     suma += L[i];
      |             ^
Compilation failed
1d93426
Thu 21 Mar 2024 02:49:44 PM UTC: 
 exercises.c | 7 +++++--
 1 file changed, 5 insertions(+), 2 deletions(-)
In file included from test.c:5:
exercises.c: In function ‘sumaLista’:
exercises.c:69:19: error: invalid use of incomplete typedef ‘List’
   69 |       suma += temp->data;
      |                   ^~
exercises.c:70:18: error: invalid use of incomplete typedef ‘List’
   70 |       temp = temp->next;
      |                  ^~
Compilation failed
1592c98
Thu 21 Mar 2024 02:51:39 PM UTC: 
 exercises.c | 4 ++--
 1 file changed, 2 insertions(+), 2 deletions(-)
In file included from test.c:5:
exercises.c: In function ‘sumaLista’:
exercises.c:69:19: error: invalid use of incomplete typedef ‘List’
   69 |       suma += temp->current;
      |                   ^~
exercises.c:70:18: error: invalid use of incomplete typedef ‘List’
   70 |       temp = temp->current;
      |                  ^~
Compilation failed
c29b209
Thu 21 Mar 2024 02:51:49 PM UTC: 
 exercises.c | 4 ++--
 1 file changed, 2 insertions(+), 2 deletions(-)
In file included from test.c:5:
exercises.c: In function ‘sumaLista’:
exercises.c:69:19: error: ‘temp’ is a pointer; did you mean to use ‘->’?
   69 |       suma += temp.current;
      |                   ^
      |                   ->
exercises.c:70:18: error: ‘temp’ is a pointer; did you mean to use ‘->’?
   70 |       temp = temp.current;
      |                  ^
      |                  ->
Compilation failed
23637aa
Thu 21 Mar 2024 02:54:05 PM UTC: 
 exercises.c | 9 ++++-----
 1 file changed, 4 insertions(+), 5 deletions(-)
 tests:  1|4
total_score: 10/70
859dc8d
Thu 21 Mar 2024 02:54:16 PM UTC: 
 exercises.c | 2 +-
 1 file changed, 1 insertion(+), 1 deletion(-)
 tests:  1|4
total_score: 10/70
1fa9a5a
Thu 21 Mar 2024 02:54:32 PM UTC: 
 exercises.c | 4 ++--
 1 file changed, 2 insertions(+), 2 deletions(-)
In file included from test.c:5:
exercises.c: In function ‘sumaLista’:
exercises.c:70:18: error: subscripted value is neither array nor pointer nor vector
   70 |     suma += largo[i]);
      |                  ^
exercises.c:70:21: error: expected ‘;’ before ‘)’ token
   70 |     suma += largo[i]);
      |                     ^
      |                     ;
exercises.c:68:3: error: this ‘for’ clause does not guard... [-Werror=misleading-indentation]
   68 |   for (int i = 0; i < largo; i++)
      |   ^~~
exercises.c:70:21: note: ...this statement, but the latter is misleadingly indented as if it were guarded by the ‘for’
   70 |     suma += largo[i]);
      |                     ^
exercises.c:70:21: error: expected statement before ‘)’ token
cc1: all warnings being treated as errors
Compilation failed
5a70b2c
Thu 21 Mar 2024 02:54:39 PM UTC: 
 exercises.c | 2 +-
 1 file changed, 1 insertion(+), 1 deletion(-)
In file included from test.c:5:
exercises.c: In function ‘sumaLista’:
exercises.c:70:18: error: subscripted value is neither array nor pointer nor vector
   70 |     suma += largo[i];
      |                  ^
Compilation failed
82299fe
Thu 21 Mar 2024 02:55:24 PM UTC: 
 exercises.c | 2 +-
 1 file changed, 1 insertion(+), 1 deletion(-)
In file included from test.c:5:
exercises.c: In function ‘sumaLista’:
exercises.c:70:18: error: subscripted value is neither array nor pointer nor vector
   70 |     suma += largo[i];
      |                  ^
Compilation failed
9fb915c
Thu 21 Mar 2024 02:55:37 PM UTC: 
 exercises.c | 2 +-
 1 file changed, 1 insertion(+), 1 deletion(-)
 tests:  1|4
total_score: 10/70
23b17ff
Thu 21 Mar 2024 02:55:50 PM UTC: 
 exercises.c | 2 +-
 1 file changed, 1 insertion(+), 1 deletion(-)
 tests:  1|4
total_score: 10/70
d391c41
Thu 21 Mar 2024 02:58:11 PM UTC: 
 exercises.c | 2 +-
 1 file changed, 1 insertion(+), 1 deletion(-)
 tests:  2|3
total_score: 20/70
f19f496
Thu 21 Mar 2024 03:02:01 PM UTC: 
 exercises.c | 2 +-
 1 file changed, 1 insertion(+), 1 deletion(-)
In file included from test.c:5:
exercises.c: In function ‘sumaLista’:
exercises.c:68:3: error: this ‘for’ clause does not guard... [-Werror=misleading-indentation]
   68 |   for (int i = 0; i < largo; i++)
      |   ^~~
exercises.c:72:5: note: ...this statement, but the latter is misleadingly indented as if it were guarded by the ‘for’
   72 |     next(List *L);
      |     ^~~~
exercises.c:72:10: error: expected expression before ‘List’
   72 |     next(List *L);
      |          ^~~~
cc1: all warnings being treated as errors
Compilation failed
d1be560
Thu 21 Mar 2024 04:48:24 PM UTC: 
 exercises.c | 10 +++++++---
 1 file changed, 7 insertions(+), 3 deletions(-)
In file included from test.c:5:
exercises.c: In function ‘sumaLista’:
exercises.c:68:3: error: unknown type name ‘Node’
   68 |   Node *current = first(L);
      |   ^~~~
exercises.c:73:30: error: request for member ‘data’ in something not a structure or union
   73 |       suma += *((int*)current->data);
      |                              ^~
exercises.c:75:22: error: passing argument 1 of ‘next’ from incompatible pointer type [-Werror=incompatible-pointer-types]
   75 |       current = next(current);
      |                      ^~~~~~~
      |                      |
      |                      int *
In file included from exercises.c:6,
                 from test.c:5:
arraylist.h:14:18: note: expected ‘List *’ but argument is of type ‘int *’
   14 | void* next(List *L);
      |            ~~~~~~^
cc1: all warnings being treated as errors
Compilation failed
98475e8
Thu 21 Mar 2024 04:48:49 PM UTC: 
 exercises.c | 2 +-
 1 file changed, 1 insertion(+), 1 deletion(-)
In file included from test.c:5:
exercises.c: In function ‘sumaLista’:
exercises.c:73:30: error: invalid use of incomplete typedef ‘List’
   73 |       suma += *((int*)current->data);
      |                              ^~
Compilation failed
3ac3b0f
Thu 21 Mar 2024 04:53:57 PM UTC: 
 exercises.c | 5 ++---
 1 file changed, 2 insertions(+), 3 deletions(-)
In file included from test.c:5:
exercises.c: In function ‘sumaLista’:
exercises.c:72:30: error: expected ‘)’ before ‘;’ token
   72 |       suma += *((int*)next(L);
      |                ~             ^
      |                              )
exercises.c:72:31: error: expected ‘;’ before ‘}’ token
   72 |       suma += *((int*)next(L);
      |                               ^
      |                               ;
......
   75 |   }
      |   ~                            
Compilation failed
4592ef1
Thu 21 Mar 2024 04:54:09 PM UTC: 
 exercises.c | 4 +---
 1 file changed, 1 insertion(+), 3 deletions(-)
 tests:  0|0
7d0cf67
Thu 21 Mar 2024 04:54:41 PM UTC: 
 exercises.c | 5 -----
 1 file changed, 5 deletions(-)
In file included from test.c:5:
exercises.c: In function ‘sumaLista’:
exercises.c:66:7: error: unused variable ‘largo’ [-Werror=unused-variable]
   66 |   int largo = get_size(L);
      |       ^~~~~
cc1: all warnings being treated as errors
Compilation failed
c9d489a
Thu 21 Mar 2024 04:54:58 PM UTC: 
 exercises.c | 2 ++
 1 file changed, 2 insertions(+)
 tests:  1|4
total_score: 10/70
f7c22cb
Thu 21 Mar 2024 05:31:19 PM UTC: 
 exercises.c | 25 +++++++++++++++++++++++++
 1 file changed, 25 insertions(+)
In file included from test.c:5:
exercises.c: In function ‘parentesisBalanceados’:
exercises.c:109:3: error: implicit declaration of function ‘iniciarPila’ [-Werror=implicit-function-declaration]
  109 |   iniciarPila(&stack,strLen(cadena));
      |   ^~~~~~~~~~~
exercises.c:109:22: error: implicit declaration of function ‘strLen’; did you mean ‘strlen’? [-Werror=implicit-function-declaration]
  109 |   iniciarPila(&stack,strLen(cadena));
      |                      ^~~~~~
      |                      strlen
exercises.c:118:11: error: implicit declaration of function ‘is_empty’ [-Werror=implicit-function-declaration]
  118 |       if (is_empty(stack)){
      |           ^~~~~~~~
exercises.c:123:27: error: called object ‘top’ is not a function or function pointer
  123 |       char top = *((char*)top(stack));
      |                           ^~~
exercises.c:123:12: note: declared here
  123 |       char top = *((char*)top(stack));
      |            ^~~
cc1: all warnings being treated as errors
Compilation failed
827f611
Thu 21 Mar 2024 05:33:57 PM UTC: 
 exercises.c | 4 ++--
 1 file changed, 2 insertions(+), 2 deletions(-)
In file included from test.c:5:
exercises.c: In function ‘parentesisBalanceados’:
exercises.c:109:3: error: implicit declaration of function ‘iniciarPila’ [-Werror=implicit-function-declaration]
  109 |   iniciarPila(&stack,get_size(cadena));
      |   ^~~~~~~~~~~
exercises.c:109:31: error: passing argument 1 of ‘get_size’ from incompatible pointer type [-Werror=incompatible-pointer-types]
  109 |   iniciarPila(&stack,get_size(cadena));
      |                               ^~~~~~
      |                               |
      |                               char *
In file included from exercises.c:6,
                 from test.c:5:
arraylist.h:35:20: note: expected ‘List *’ but argument is of type ‘char *’
   35 | int get_size(List *L);
      |              ~~~~~~^
In file included from test.c:5:
exercises.c:118:11: error: implicit declaration of function ‘is_empty’ [-Werror=implicit-function-declaration]
  118 |       if (is_empty(stack)){
      |           ^~~~~~~~
exercises.c:123:27: error: too few arguments to function ‘pushFront’
  123 |       char top = *((char*)pushFront(stack));
      |                           ^~~~~~~~~
In file included from exercises.c:6,
                 from test.c:5:
arraylist.h:17:6: note: declared here
   17 | void pushFront(List *L, void *dato);
      |      ^~~~~~~~~
cc1: all warnings being treated as errors
Compilation failed
a6a0822
Thu 21 Mar 2024 05:52:05 PM UTC: 
 exercises.c | 24 ------------------------
 1 file changed, 24 deletions(-)
 tests:  1|4
total_score: 10/70
bc865a3
Thu 21 Mar 2024 05:52:44 PM UTC: 
 exercises.c | 2 +-
 1 file changed, 1 insertion(+), 1 deletion(-)
 tests:  1|4
total_score: 10/70
d98dc18
Thu 21 Mar 2024 07:00:57 PM UTC: 
 exercises.c | 20 +++++++++++++++++++-
 1 file changed, 19 insertions(+), 1 deletion(-)
In file included from test.c:5:
exercises.c: In function ‘eliminaElementos’:
exercises.c:85:3: error: unknown type name ‘Node’
   85 |   Node* current = L->head;
      |   ^~~~
exercises.c:85:20: error: invalid use of incomplete typedef ‘List’
   85 |   Node* current = L->head;
      |                    ^~
exercises.c:86:3: error: unknown type name ‘Node’
   86 |   Node* prev = NULL;
      |   ^~~~
exercises.c:89:18: error: request for member ‘data’ in something not a structure or union
   89 |       if (current->data == elem) {
      |                  ^~
exercises.c:90:11: error: unknown type name ‘Node’
   90 |           Node* temp = current;
      |           ^~~~
exercises.c:92:16: error: invalid use of incomplete typedef ‘List’
   92 |               L->head = current->next;
      |                ^~
exercises.c:92:32: error: request for member ‘next’ in something not a structure or union
   92 |               L->head = current->next;
      |                                ^~
exercises.c:93:32: error: request for member ‘next’ in something not a structure or union
   93 |               current = current->next;
      |                                ^~
exercises.c:95:19: error: request for member ‘next’ in something not a structure or union
   95 |               prev->next = current->next;
      |                   ^~
exercises.c:95:35: error: request for member ‘next’ in something not a structure or union
   95 |               prev->next = current->next;
      |                                   ^~
exercises.c:96:32: error: request for member ‘next’ in something not a structure or union
   96 |               current = current->next;
      |                                ^~
exercises.c:101:28: error: request for member ‘next’ in something not a structure or union
  101 |           current = current->next;
      |                            ^~
Compilation failed
1007625
Thu 21 Mar 2024 07:01:16 PM UTC: 
 exercises.c | 6 +++---
 1 file changed, 3 insertions(+), 3 deletions(-)
In file included from test.c:5:
exercises.c: In function ‘eliminaElementos’:
exercises.c:85:20: error: invalid use of incomplete typedef ‘List’
   85 |   List* current = L->head;
      |                    ^~
exercises.c:89:18: error: invalid use of incomplete typedef ‘List’
   89 |       if (current->data == elem) {
      |                  ^~
exercises.c:92:16: error: invalid use of incomplete typedef ‘List’
   92 |               L->head = current->next;
      |                ^~
exercises.c:92:32: error: invalid use of incomplete typedef ‘List’
   92 |               L->head = current->next;
      |                                ^~
exercises.c:93:32: error: invalid use of incomplete typedef ‘List’
   93 |               current = current->next;
      |                                ^~
exercises.c:95:19: error: invalid use of incomplete typedef ‘List’
   95 |               prev->next = current->next;
      |                   ^~
exercises.c:95:35: error: invalid use of incomplete typedef ‘List’
   95 |               prev->next = current->next;
      |                                   ^~
exercises.c:96:32: error: invalid use of incomplete typedef ‘List’
   96 |               current = current->next;
      |                                ^~
exercises.c:101:28: error: invalid use of incomplete typedef ‘List’
  101 |           current = current->next;
      |                            ^~
Compilation failed
efaa672
Fri 22 Mar 2024 01:19:31 AM UTC: 
 exercises.c | 5 ++++-
 1 file changed, 4 insertions(+), 1 deletion(-)
In file included from test.c:5:
exercises.c: In function ‘sumaLista’:
exercises.c:68:22: error: ‘l’ undeclared (first use in this function)
   68 |   List *temp = first(l);
      |                      ^
exercises.c:68:22: note: each undeclared identifier is reported only once for each function it appears in
exercises.c:70:3: error: this ‘for’ clause does not guard... [-Werror=misleading-indentation]
   70 |   for (int i = 0; i < largo; i++)
      |   ^~~
exercises.c:73:5: note: ...this statement, but the latter is misleadingly indented as if it were guarded by the ‘for’
   73 |     temp = next(L);
      |     ^~~~
exercises.c: In function ‘eliminaElementos’:
exercises.c:88:20: error: invalid use of incomplete typedef ‘List’
   88 |   List* current = L->head;
      |                    ^~
exercises.c:92:18: error: invalid use of incomplete typedef ‘List’
   92 |       if (current->data == elem) {
      |                  ^~
exercises.c:95:16: error: invalid use of incomplete typedef ‘List’
   95 |               L->head = current->next;
      |                ^~
exercises.c:95:32: error: invalid use of incomplete typedef ‘List’
   95 |               L->head = current->next;
      |                                ^~
exercises.c:96:32: error: invalid use of incomplete typedef ‘List’
   96 |               current = current->next;
      |                                ^~
exercises.c:98:19: error: invalid use of incomplete typedef ‘List’
   98 |               prev->next = current->next;
      |                   ^~
exercises.c:98:35: error: invalid use of incomplete typedef ‘List’
   98 |               prev->next = current->next;
      |                                   ^~
exercises.c:99:32: error: invalid use of incomplete typedef ‘List’
   99 |               current = current->next;
      |                                ^~
exercises.c:104:28: error: invalid use of incomplete typedef ‘List’
  104 |           current = current->next;
      |                            ^~
cc1: all warnings being treated as errors
Compilation failed
1f2b8be
